<?xml version="1.0" encoding="UTF-8"?>
<!-- Generated by org.testng.reporters.JUnitReportReporter -->
<testsuite hostname="HemaMohan" failures="0" tests="1" name="testCases.TC001_AccountRegTest" time="4.674" errors="0" timestamp="2025-05-29T13:16:19 IST" skipped="0">
  <testcase classname="testCases.TC001_AccountRegTest" name="home" time="4.674"/>
</testsuite> <!-- testCases.TC001_AccountRegTest -->
