<?xml version="1.0" encoding="UTF-8"?>
<!-- Generated by org.testng.reporters.JUnitReportReporter -->
<testsuite hostname="HemaMohan" failures="0" tests="1" name="testCases.TC002_LoginTest" time="2.423" errors="0" timestamp="2025-05-29T13:16:19 IST" skipped="0">
  <testcase classname="testCases.TC002_LoginTest" name="verify_Login" time="2.423"/>
</testsuite> <!-- testCases.TC002_LoginTest -->
